0001_0015_0007_0051_0051.jpg 1 15 7 51 51
0002_0020_0033_0044_0044.jpg 1 20 33 44 44
0003_0020_0023_0052_0052.jpg 1 20 23 52 52
0004_0009_0022_0038_0038.jpg 1 9 22 38 38
0005_0016_0021_0066_0066.jpg 1 16 21 66 66
0006_0028_0036_0048_0048.jpg 1 28 36 48 48
0007_0026_0035_0024_0024.jpg 1 26 35 24 24
0008_0032_0020_0063_0063.jpg 1 32 20 63 63
0009_0008_0024_0067_0067.jpg 1 8 24 67 67
0010_0024_0019_0036_0036.jpg 1 24 19 36 36
0011_0020_0016_0061_0061.jpg 1 20 16 61 61
0012_0031_0020_0031_0031.jpg 1 31 20 31 31
0013_0019_0022_0057_0057.jpg 1 19 22 57 57
0014_0030_0016_0052_0052.jpg 1 30 16 52 52
0015_0020_0017_0051_0051.jpg 1 20 17 51 51
0016_0032_0049_0028_0028.jpg 1 32 49 28 28
0017_0007_0023_0040_0040.jpg 1 7 23 40 40
0018_0061_0014_0026_0026.jpg 1 61 14 26 26
0019_0006_0013_0055_0055.jpg 1 6 13 55 55
0020_0021_0058_0033_0033.jpg 1 21 58 33 33
0021_0021_0017_0067_0067.jpg 1 21 17 67 67
0022_0014_0005_0067_0067.jpg 1 14 5 67 67
0023_0032_0029_0045_0045.jpg 1 32 29 45 45
0024_0038_0015_0051_0051.jpg 1 38 15 51 51
0025_0005_0036_0059_0059.jpg 1 5 36 59 59
0026_0006_0024_0069_0069.jpg 1 6 24 69 69
0027_0049_0035_0043_0043.jpg 1 49 35 43 43
0028_0020_0021_0064_0064.jpg 1 20 21 64 64
0029_0037_0031_0047_0047.jpg 1 37 31 47 47
0030_0032_0016_0063_0063.jpg 1 32 16 63 63
0031_0008_0035_0054_0054.jpg 1 8 35 54 54
0032_0019_0017_0051_0051.jpg 1 19 17 51 51
0033_0008_0031_0036_0036.jpg 1 8 31 36 36
0034_0026_0006_0048_0048.jpg 1 26 6 48 48
0035_0005_0016_0064_0064.jpg 1 5 16 64 64
0036_0008_0042_0026_0026.jpg 1 8 42 26 26
0037_0012_0054_0030_0030.jpg 1 12 54 30 30
0038_0022_0005_0056_0056.jpg 1 22 5 56 56
0039_0015_0034_0058_0058.jpg 1 15 34 58 58
0040_0034_0022_0059_0059.jpg 1 34 22 59 59
0041_0016_0017_0065_0065.jpg 1 16 17 65 65
0042_0006_0030_0045_0045.jpg 1 6 30 45 45
0043_0049_0044_0030_0030.jpg 1 49 44 30 30
0044_0047_0052_0036_0036.jpg 1 47 52 36 36
0045_0028_0017_0050_0050.jpg 1 28 17 50 50
0046_0008_0040_0041_0041.jpg 1 8 40 41 41
0047_0031_0030_0039_0039.jpg 1 31 30 39 39
0048_0012_0030_0039_0039.jpg 1 12 30 39 39
0049_0006_0027_0040_0040.jpg 1 6 27 40 40
0050_0020_0027_0053_0053.jpg 1 20 27 53 53
0051_0035_0041_0042_0042.jpg 1 35 41 42 42
0052_0036_0014_0055_0055.jpg 1 36 14 55 55
0053_0012_0012_0061_0061.jpg 1 12 12 61 61
0054_0009_0005_0052_0052.jpg 1 9 5 52 52
0055_0012_0030_0045_0045.jpg 1 12 30 45 45
0056_0006_0033_0059_0059.jpg 1 6 33 59 59
0057_0047_0039_0037_0037.jpg 1 47 39 37 37
0058_0037_0040_0041_0041.jpg 1 37 40 41 41
0059_0016_0021_0061_0061.jpg 1 16 21 61 61
0060_0010_0045_0031_0031.jpg 1 10 45 31 31
0061_0041_0032_0053_0053.jpg 1 41 32 53 53
0062_0019_0015_0069_0069.jpg 1 19 15 69 69
0063_0035_0007_0052_0052.jpg 1 35 7 52 52
0064_0028_0006_0057_0057.jpg 1 28 6 57 57
0065_0008_0014_0057_0057.jpg 1 8 14 57 57
0066_0018_0006_0040_0040.jpg 1 18 6 40 40
0067_0021_0041_0044_0044.jpg 1 21 41 44 44
0068_0022_0050_0037_0037.jpg 1 22 50 37 37
0069_0006_0022_0065_0065.jpg 1 6 22 65 65
0070_0033_0027_0031_0031.jpg 1 33 27 31 31
0071_0011_0032_0059_0059.jpg 1 11 32 59 59
0072_0043_0039_0032_0032.jpg 1 43 39 32 32
0073_0026_0032_0055_0055.jpg 1 26 32 55 55
0074_0013_0033_0044_0044.jpg 1 13 33 44 44
0075_0027_0012_0035_0035.jpg 1 27 12 35 35
0076_0014_0026_0042_0042.jpg 1 14 26 42 42
0077_0022_0025_0060_0060.jpg 1 22 25 60 60
0078_0025_0007_0052_0052.jpg 1 25 7 52 52
0079_0044_0020_0047_0047.jpg 1 44 20 47 47
0080_0012_0008_0041_0041.jpg 1 12 8 41 41
0081_0004_0033_0058_0058.jpg 1 4 33 58 58
0082_0030_0026_0051_0051.jpg 1 30 26 51 51
0083_0005_0006_0057_0057.jpg 1 5 6 57 57
0084_0043_0051_0037_0037.jpg 1 43 51 37 37
0085_0047_0018_0041_0041.jpg 1 47 18 41 41
0086_0008_0007_0063_0063.jpg 1 8 7 63 63
0087_0014_0032_0049_0049.jpg 1 14 32 49 49
0088_0041_0055_0028_0028.jpg 1 41 55 28 28
0089_0012_0005_0060_0060.jpg 1 12 5 60 60
0090_0053_0045_0035_0035.jpg 1 53 45 35 35
0091_0018_0016_0048_0048.jpg 1 18 16 48 48
0092_0021_0045_0038_0038.jpg 1 21 45 38 38
0093_0010_0014_0061_0061.jpg 1 10 14 61 61
0094_0021_0052_0026_0026.jpg 1 21 52 26 26
0095_0008_0014_0067_0067.jpg 1 8 14 67 67
0096_0018_0024_0065_0065.jpg 1 18 24 65 65
0097_0046_0026_0034_0034.jpg 1 46 26 34 34
0098_0017_0014_0064_0064.jpg 1 17 14 64 64
0099_0027_0019_0060_0060.jpg 1 27 19 60 60
0100_0044_0042_0043_0043.jpg 1 44 42 43 43
0101_0011_0021_0031_0031.jpg 1 11 21 31 31
0102_0045_0011_0049_0049.jpg 1 45 11 49 49
0103_0034_0024_0042_0042.jpg 1 34 24 42 42
0104_0014_0017_0058_0058.jpg 1 14 17 58 58
0105_0007_0039_0046_0046.jpg 1 7 39 46 46
0106_0016_0014_0065_0065.jpg 1 16 14 65 65
0107_0059_0057_0025_0025.jpg 1 59 57 25 25
0108_0018_0012_0067_0067.jpg 1 18 12 67 67
0109_0048_0012_0039_0039.jpg 1 48 12 39 39
0110_0025_0025_0068_0068.jpg 1 25 25 68 68
0111_0011_0015_0058_0058.jpg 1 11 15 58 58
0112_0006_0007_0064_0064.jpg 1 6 7 64 64
0113_0026_0007_0034_0034.jpg 1 26 7 34 34
0114_0025_0061_0024_0024.jpg 1 25 61 24 24
0115_0009_0028_0031_0031.jpg 1 9 28 31 31
0116_0026_0051_0024_0024.jpg 1 26 51 24 24
0117_0006_0009_0068_0068.jpg 1 6 9 68 68
0118_0010_0041_0035_0035.jpg 1 10 41 35 35
0119_0047_0029_0044_0044.jpg 1 47 29 44 44
0120_0019_0018_0051_0051.jpg 1 19 18 51 51
0121_0020_0016_0053_0053.jpg 1 20 16 53 53
0122_0027_0033_0028_0028.jpg 1 27 33 28 28
0123_0018_0032_0028_0028.jpg 1 18 32 28 28
0124_0015_0045_0045_0045.jpg 1 15 45 45 45
0125_0021_0024_0062_0062.jpg 1 21 24 62 62
0126_0017_0013_0067_0067.jpg 1 17 13 67 67
0127_0039_0017_0050_0050.jpg 1 39 17 50 50
0128_0015_0021_0051_0051.jpg 1 15 21 51 51
0129_0011_0011_0059_0059.jpg 1 11 11 59 59
0130_0017_0021_0054_0054.jpg 1 17 21 54 54
0131_0044_0047_0044_0044.jpg 1 44 47 44 44
0132_0054_0063_0027_0027.jpg 1 54 63 27 27
0133_0009_0025_0024_0024.jpg 1 9 25 24 24
0134_0031_0039_0050_0050.jpg 1 31 39 50 50
0135_0016_0059_0024_0024.jpg 1 16 59 24 24
0136_0042_0057_0029_0029.jpg 1 42 57 29 29
0137_0013_0024_0067_0067.jpg 1 13 24 67 67
0138_0036_0026_0058_0058.jpg 1 36 26 58 58
0139_0063_0052_0029_0029.jpg 1 63 52 29 29
0140_0024_0008_0027_0027.jpg 1 24 8 27 27
0141_0009_0047_0035_0035.jpg 1 9 47 35 35
0142_0034_0014_0052_0052.jpg 1 34 14 52 52
0143_0046_0039_0026_0026.jpg 1 46 39 26 26
0144_0022_0008_0054_0054.jpg 1 22 8 54 54
0145_0005_0031_0042_0042.jpg 1 5 31 42 42
0146_0008_0020_0037_0037.jpg 1 8 20 37 37
0147_0018_0047_0040_0040.jpg 1 18 47 40 40
0148_0016_0012_0059_0059.jpg 1 16 12 59 59
0149_0015_0019_0066_0066.jpg 1 15 19 66 66
0150_0034_0031_0056_0056.jpg 1 34 31 56 56
0151_0009_0014_0060_0060.jpg 1 9 14 60 60
0152_0034_0035_0048_0048.jpg 1 34 35 48 48
0153_0008_0029_0039_0039.jpg 1 8 29 39 39
0154_0031_0037_0058_0058.jpg 1 31 37 58 58
0155_0038_0031_0039_0039.jpg 1 38 31 39 39
0156_0029_0011_0060_0060.jpg 1 29 11 60 60
0157_0011_0041_0024_0024.jpg 1 11 41 24 24
0158_0062_0015_0024_0024.jpg 1 62 15 24 24
0159_0009_0028_0039_0039.jpg 1 9 28 39 39
0160_0027_0005_0068_0068.jpg 1 27 5 68 68
0161_0022_0027_0045_0045.jpg 1 22 27 45 45
0162_0018_0016_0057_0057.jpg 1 18 16 57 57
0163_0014_0023_0036_0036.jpg 1 14 23 36 36
0164_0049_0012_0024_0024.jpg 1 49 12 24 24
0165_0008_0008_0035_0035.jpg 1 8 8 35 35
0166_0012_0022_0059_0059.jpg 1 12 22 59 59
0167_0008_0014_0055_0055.jpg 1 8 14 55 55
0168_0048_0007_0042_0042.jpg 1 48 7 42 42
0169_0036_0027_0057_0057.jpg 1 36 27 57 57
0170_0025_0026_0064_0064.jpg 1 25 26 64 64
0171_0021_0048_0044_0044.jpg 1 21 48 44 44
0172_0031_0037_0050_0050.jpg 1 31 37 50 50
0173_0047_0034_0046_0046.jpg 1 47 34 46 46
0174_0027_0014_0044_0044.jpg 1 27 14 44 44
0175_0015_0024_0061_0061.jpg 1 15 24 61 61
0176_0036_0041_0042_0042.jpg 1 36 41 42 42
0177_0035_0025_0047_0047.jpg 1 35 25 47 47
0178_0035_0011_0055_0055.jpg 1 35 11 55 55
0179_0020_0009_0048_0048.jpg 1 20 9 48 48
0180_0027_0013_0051_0051.jpg 1 27 13 51 51
0181_0007_0020_0042_0042.jpg 1 7 20 42 42
0182_0028_0038_0037_0037.jpg 1 28 38 37 37
0183_0041_0047_0047_0047.jpg 1 41 47 47 47
0184_0058_0041_0026_0026.jpg 1 58 41 26 26
0185_0026_0013_0056_0056.jpg 1 26 13 56 56
0186_0056_0042_0034_0034.jpg 1 56 42 34 34
0187_0027_0055_0027_0027.jpg 1 27 55 27 27
0188_0023_0015_0059_0059.jpg 1 23 15 59 59
0189_0007_0036_0051_0051.jpg 1 7 36 51 51
0190_0022_0051_0041_0041.jpg 1 22 51 41 41
0191_0005_0009_0062_0062.jpg 1 5 9 62 62
0192_0035_0021_0057_0057.jpg 1 35 21 57 57
0193_0030_0030_0060_0060.jpg 1 30 30 60 60
0194_0029_0016_0065_0065.jpg 1 29 16 65 65
0195_0021_0029_0031_0031.jpg 1 21 29 31 31
0196_0021_0021_0056_0056.jpg 1 21 21 56 56
0197_0039_0016_0040_0040.jpg 1 39 16 40 40
0198_0005_0024_0068_0068.jpg 1 5 24 68 68
0199_0047_0015_0046_0046.jpg 1 47 15 46 46
0200_0030_0041_0035_0035.jpg 1 30 41 35 35
0201_0029_0058_0028_0028.jpg 1 29 58 28 28
0202_0009_0026_0064_0064.jpg 1 9 26 64 64
0203_0015_0033_0060_0060.jpg 1 15 33 60 60
0204_0012_0007_0064_0064.jpg 1 12 7 64 64
0205_0020_0033_0062_0062.jpg 1 20 33 62 62
0206_0033_0017_0056_0056.jpg 1 33 17 56 56
0207_0022_0007_0066_0066.jpg 1 22 7 66 66
0208_0023_0027_0031_0031.jpg 1 23 27 31 31
0209_0033_0015_0046_0046.jpg 1 33 15 46 46
0210_0021_0025_0065_0065.jpg 1 21 25 65 65
0211_0009_0014_0044_0044.jpg 1 9 14 44 44
0212_0045_0045_0039_0039.jpg 1 45 45 39 39
0213_0048_0032_0032_0032.jpg 1 48 32 32 32
0214_0016_0025_0059_0059.jpg 1 16 25 59 59
0215_0005_0005_0067_0067.jpg 1 5 5 67 67
0216_0035_0011_0030_0030.jpg 1 35 11 30 30
0217_0012_0041_0047_0047.jpg 1 12 41 47 47
0218_0021_0045_0041_0041.jpg 1 21 45 41 41
0219_0013_0042_0031_0031.jpg 1 13 42 31 31
0220_0022_0019_0065_0065.jpg 1 22 19 65 65
0221_0034_0038_0042_0042.jpg 1 34 38 42 42
0222_0038_0028_0024_0024.jpg 1 38 28 24 24
0223_0011_0051_0024_0024.jpg 1 11 51 24 24
0224_0003_0020_0062_0062.jpg 1 3 20 62 62
0225_0024_0017_0044_0044.jpg 1 24 17 44 44
0226_0022_0023_0043_0043.jpg 1 22 23 43 43
0227_0016_0041_0050_0050.jpg 1 16 41 50 50
0228_0022_0032_0064_0064.jpg 1 22 32 64 64
0229_0033_0020_0037_0037.jpg 1 33 20 37 37
0230_0044_0039_0045_0045.jpg 1 44 39 45 45
0231_0021_0034_0047_0047.jpg 1 21 34 47 47
0232_0020_0015_0069_0069.jpg 1 20 15 69 69
0233_0012_0020_0063_0063.jpg 1 12 20 63 63
0234_0018_0024_0069_0069.jpg 1 18 24 69 69
0235_0047_0025_0041_0041.jpg 1 47 25 41 41
0236_0010_0033_0057_0057.jpg 1 10 33 57 57
0237_0018_0019_0037_0037.jpg 1 18 19 37 37
0238_0017_0015_0040_0040.jpg 1 17 15 40 40
0239_0009_0016_0061_0061.jpg 1 9 16 61 61
0240_0026_0013_0062_0062.jpg 1 26 13 62 62
0241_0004_0007_0069_0069.jpg 1 4 7 69 69
0242_0031_0016_0044_0044.jpg 1 31 16 44 44
0243_0029_0024_0039_0039.jpg 1 29 24 39 39
0244_0044_0067_0024_0024.jpg 1 44 67 24 24
0245_0046_0014_0025_0025.jpg 1 46 14 25 25
0246_0035_0042_0047_0047.jpg 1 35 42 47 47
0247_0035_0027_0046_0046.jpg 1 35 27 46 46
0248_0013_0030_0041_0041.jpg 1 13 30 41 41
0249_0014_0040_0026_0026.jpg 1 14 40 26 26
0250_0019_0033_0047_0047.jpg 1 19 33 47 47
0251_0027_0012_0053_0053.jpg 1 27 12 53 53
0252_0028_0025_0054_0054.jpg 1 28 25 54 54
0253_0025_0032_0050_0050.jpg 1 25 32 50 50
0254_0034_0026_0051_0051.jpg 1 34 26 51 51
0255_0014_0044_0048_0048.jpg 1 14 44 48 48
0256_0027_0019_0050_0050.jpg 1 27 19 50 50
0257_0031_0035_0052_0052.jpg 1 31 35 52 52
0258_0029_0012_0066_0066.jpg 1 29 12 66 66
0259_0034_0011_0026_0026.jpg 1 34 11 26 26
0260_0010_0036_0050_0050.jpg 1 10 36 50 50
0261_0044_0055_0025_0025.jpg 1 44 55 25 25
0262_0003_0015_0067_0067.jpg 1 3 15 67 67
0263_0014_0008_0031_0031.jpg 1 14 8 31 31
0264_0008_0019_0058_0058.jpg 1 8 19 58 58
0265_0019_0010_0063_0063.jpg 1 19 10 63 63
0266_0031_0027_0057_0057.jpg 1 31 27 57 57
0267_0027_0032_0043_0043.jpg 1 27 32 43 43
0268_0033_0029_0029_0029.jpg 1 33 29 29 29
0269_0014_0035_0050_0050.jpg 1 14 35 50 50
0270_0024_0032_0026_0026.jpg 1 24 32 26 26
0271_0015_0016_0049_0049.jpg 1 15 16 49 49
0272_0023_0037_0036_0036.jpg 1 23 37 36 36
0273_0035_0008_0054_0054.jpg 1 35 8 54 54
0274_0033_0028_0040_0040.jpg 1 33 28 40 40
0275_0027_0018_0041_0041.jpg 1 27 18 41 41
0276_0022_0037_0050_0050.jpg 1 22 37 50 50
0277_0026_0014_0037_0037.jpg 1 26 14 37 37
0278_0017_0006_0059_0059.jpg 1 17 6 59 59
0279_0045_0025_0027_0027.jpg 1 45 25 27 27
0280_0009_0012_0034_0034.jpg 1 9 12 34 34
0281_0018_0006_0053_0053.jpg 1 18 6 53 53
0282_0020_0018_0028_0028.jpg 1 20 18 28 28
0283_0035_0035_0060_0060.jpg 1 35 35 60 60
0284_0007_0024_0027_0027.jpg 1 7 24 27 27
0285_0014_0026_0066_0066.jpg 1 14 26 66 66
0286_0027_0009_0063_0063.jpg 1 27 9 63 63
0287_0027_0044_0027_0027.jpg 1 27 44 27 27
0288_0023_0004_0069_0069.jpg 1 23 4 69 69
0289_0007_0034_0061_0061.jpg 1 7 34 61 61
0290_0018_0012_0063_0063.jpg 1 18 12 63 63
0291_0018_0005_0065_0065.jpg 1 18 5 65 65
0292_0057_0039_0025_0025.jpg 1 57 39 25 25
0293_0014_0007_0067_0067.jpg 1 14 7 67 67
0294_0013_0021_0065_0065.jpg 1 13 21 65 65
0295_0056_0056_0036_0036.jpg 1 56 56 36 36
0296_0027_0015_0053_0053.jpg 1 27 15 53 53
0297_0009_0012_0025_0025.jpg 1 9 12 25 25
0298_0017_0050_0025_0025.jpg 1 17 50 25 25
0299_0031_0017_0025_0025.jpg 1 31 17 25 25
0300_0020_0011_0063_0063.jpg 1 20 11 63 63
0301_0043_0050_0026_0026.jpg 1 43 50 26 26
0302_0006_0026_0042_0042.jpg 1 6 26 42 42
0303_0020_0034_0060_0060.jpg 1 20 34 60 60
0304_0041_0026_0050_0050.jpg 1 41 26 50 50
0305_0012_0034_0028_0028.jpg 1 12 34 28 28
0306_0010_0006_0048_0048.jpg 1 10 6 48 48
0307_0012_0009_0040_0040.jpg 1 12 9 40 40
0308_0038_0046_0027_0027.jpg 1 38 46 27 27
0309_0036_0027_0058_0058.jpg 1 36 27 58 58
0310_0038_0012_0035_0035.jpg 1 38 12 35 35
0311_0045_0018_0032_0032.jpg 1 45 18 32 32
0312_0054_0049_0024_0024.jpg 1 54 49 24 24
0313_0027_0025_0063_0063.jpg 1 27 25 63 63
0314_0048_0044_0037_0037.jpg 1 48 44 37 37
0315_0042_0013_0035_0035.jpg 1 42 13 35 35
0316_0047_0013_0042_0042.jpg 1 47 13 42 42
0317_0031_0020_0045_0045.jpg 1 31 20 45 45
0318_0020_0028_0063_0063.jpg 1 20 28 63 63
0319_0028_0018_0047_0047.jpg 1 28 18 47 47
0320_0043_0015_0031_0031.jpg 1 43 15 31 31
0321_0045_0049_0035_0035.jpg 1 45 49 35 35
0322_0019_0006_0066_0066.jpg 1 19 6 66 66
0323_0023_0035_0053_0053.jpg 1 23 35 53 53
0324_0020_0012_0069_0069.jpg 1 20 12 69 69
0325_0014_0028_0068_0068.jpg 1 14 28 68 68
0326_0043_0039_0039_0039.jpg 1 43 39 39 39
0327_0027_0038_0027_0027.jpg 1 27 38 27 27
0328_0030_0032_0040_0040.jpg 1 30 32 40 40
0329_0024_0012_0043_0043.jpg 1 24 12 43 43
0330_0054_0050_0029_0029.jpg 1 54 50 29 29
0331_0025_0030_0029_0029.jpg 1 25 30 29 29
0332_0015_0005_0053_0053.jpg 1 15 5 53 53
0333_0015_0025_0030_0030.jpg 1 15 25 30 30
0334_0020_0021_0046_0046.jpg 1 20 21 46 46
0335_0015_0026_0058_0058.jpg 1 15 26 58 58
0336_0041_0037_0040_0040.jpg 1 41 37 40 40
0337_0010_0009_0046_0046.jpg 1 10 9 46 46
0338_0025_0040_0050_0050.jpg 1 25 40 50 50
0339_0014_0023_0058_0058.jpg 1 14 23 58 58
0340_0012_0017_0059_0059.jpg 1 12 17 59 59
0341_0011_0025_0061_0061.jpg 1 11 25 61 61
0342_0058_0043_0024_0024.jpg 1 58 43 24 24
0343_0018_0039_0036_0036.jpg 1 18 39 36 36
0344_0023_0025_0064_0064.jpg 1 23 25 64 64
0345_0012_0009_0024_0024.jpg 1 12 9 24 24
0346_0006_0024_0035_0035.jpg 1 6 24 35 35
0347_0034_0022_0052_0052.jpg 1 34 22 52 52
0348_0060_0014_0025_0025.jpg 1 60 14 25 25
0349_0009_0007_0050_0050.jpg 1 9 7 50 50
0350_0013_0007_0056_0056.jpg 1 13 7 56 56
0351_0005_0005_0061_0061.jpg 1 5 5 61 61
0352_0029_0051_0037_0037.jpg 1 29 51 37 37
0353_0048_0030_0036_0036.jpg 1 48 30 36 36
0354_0021_0021_0055_0055.jpg 1 21 21 55 55
0355_0010_0044_0047_0047.jpg 1 10 44 47 47
0356_0021_0020_0057_0057.jpg 1 21 20 57 57
0357_0034_0050_0037_0037.jpg 1 34 50 37 37
0358_0027_0041_0050_0050.jpg 1 27 41 50 50
0359_0027_0017_0057_0057.jpg 1 27 17 57 57
0360_0005_0037_0053_0053.jpg 1 5 37 53 53
0361_0008_0004_0057_0057.jpg 1 8 4 57 57
0362_0020_0027_0060_0060.jpg 1 20 27 60 60
0363_0035_0020_0045_0045.jpg 1 35 20 45 45
0364_0049_0008_0030_0030.jpg 1 49 8 30 30
0365_0009_0018_0048_0048.jpg 1 9 18 48 48
0366_0027_0041_0037_0037.jpg 1 27 41 37 37
0367_0035_0038_0038_0038.jpg 1 35 38 38 38
0368_0018_0039_0038_0038.jpg 1 18 39 38 38
0369_0024_0024_0067_0067.jpg 1 24 24 67 67
0370_0029_0018_0030_0030.jpg 1 29 18 30 30
0371_0009_0008_0066_0066.jpg 1 9 8 66 66
0372_0059_0028_0028_0028.jpg 1 59 28 28 28
0373_0029_0003_0064_0064.jpg 1 29 3 64 64
0374_0009_0021_0048_0048.jpg 1 9 21 48 48
0375_0014_0029_0048_0048.jpg 1 14 29 48 48
0376_0046_0045_0047_0047.jpg 1 46 45 47 47
0377_0036_0006_0054_0054.jpg 1 36 6 54 54
0378_0024_0037_0029_0029.jpg 1 24 37 29 29
0379_0014_0020_0024_0024.jpg 1 14 20 24 24
0380_0035_0030_0037_0037.jpg 1 35 30 37 37
0381_0033_0027_0058_0058.jpg 1 33 27 58 58
0382_0008_0024_0063_0063.jpg 1 8 24 63 63
0383_0045_0044_0040_0040.jpg 1 45 44 40 40
0384_0007_0012_0059_0059.jpg 1 7 12 59 59
0385_0010_0030_0043_0043.jpg 1 10 30 43 43
0386_0054_0020_0031_0031.jpg 1 54 20 31 31
0387_0017_0006_0052_0052.jpg 1 17 6 52 52
0388_0052_0019_0038_0038.jpg 1 52 19 38 38
0389_0032_0020_0027_0027.jpg 1 32 20 27 27
0390_0014_0014_0067_0067.jpg 1 14 14 67 67
0391_0035_0033_0045_0045.jpg 1 35 33 45 45
0392_0024_0035_0039_0039.jpg 1 24 35 39 39
0393_0047_0036_0033_0033.jpg 1 47 36 33 33
0394_0032_0025_0041_0041.jpg 1 32 25 41 41
0395_0009_0014_0051_0051.jpg 1 9 14 51 51
0396_0019_0030_0058_0058.jpg 1 19 30 58 58
0397_0028_0013_0066_0066.jpg 1 28 13 66 66
0398_0041_0007_0031_0031.jpg 1 41 7 31 31
0399_0020_0011_0063_0063.jpg 1 20 11 63 63
0400_0008_0035_0048_0048.jpg 1 8 35 48 48
0401_0026_0023_0059_0059.jpg 1 26 23 59 59
0402_0035_0035_0046_0046.jpg 1 35 35 46 46
0403_0015_0003_0068_0068.jpg 1 15 3 68 68
0404_0014_0025_0044_0044.jpg 1 14 25 44 44
0405_0064_0027_0027_0027.jpg 1 64 27 27 27
0406_0019_0016_0028_0028.jpg 1 19 16 28 28
0407_0006_0038_0053_0053.jpg 1 6 38 53 53
0408_0006_0028_0051_0051.jpg 1 6 28 51 51
0409_0056_0045_0035_0035.jpg 1 56 45 35 35
0410_0009_0022_0037_0037.jpg 1 9 22 37 37
0411_0010_0027_0028_0028.jpg 1 10 27 28 28
0412_0028_0021_0064_0064.jpg 1 28 21 64 64
0413_0007_0037_0038_0038.jpg 1 7 37 38 38
0414_0054_0012_0031_0031.jpg 1 54 12 31 31
0415_0027_0015_0067_0067.jpg 1 27 15 67 67
0416_0012_0011_0067_0067.jpg 1 12 11 67 67
0417_0059_0029_0030_0030.jpg 1 59 29 30 30
0418_0016_0024_0037_0037.jpg 1 16 24 37 37
0419_0004_0005_0062_0062.jpg 1 4 5 62 62
0420_0043_0011_0049_0049.jpg 1 43 11 49 49
0421_0028_0025_0047_0047.jpg 1 28 25 47 47
0422_0007_0029_0060_0060.jpg 1 7 29 60 60
0423_0035_0027_0038_0038.jpg 1 35 27 38 38
0424_0011_0022_0066_0066.jpg 1 11 22 66 66
0425_0022_0019_0068_0068.jpg 1 22 19 68 68
0426_0030_0009_0056_0056.jpg 1 30 9 56 56
0427_0041_0012_0035_0035.jpg 1 41 12 35 35
0428_0028_0046_0040_0040.jpg 1 28 46 40 40
0429_0005_0023_0060_0060.jpg 1 5 23 60 60
0430_0014_0040_0052_0052.jpg 1 14 40 52 52
0431_0007_0026_0031_0031.jpg 1 7 26 31 31
0432_0016_0006_0065_0065.jpg 1 16 6 65 65
0433_0033_0011_0045_0045.jpg 1 33 11 45 45
0434_0004_0012_0067_0067.jpg 1 4 12 67 67
0435_0022_0029_0059_0059.jpg 1 22 29 59 59
0436_0021_0031_0057_0057.jpg 1 21 31 57 57
0437_0007_0014_0046_0046.jpg 1 7 14 46 46
0438_0012_0050_0039_0039.jpg 1 12 50 39 39
0439_0020_0024_0057_0057.jpg 1 20 24 57 57
0440_0009_0018_0061_0061.jpg 1 9 18 61 61
0441_0015_0038_0026_0026.jpg 1 15 38 26 26
0442_0023_0046_0029_0029.jpg 1 23 46 29 29
0443_0011_0005_0045_0045.jpg 1 11 5 45 45
0444_0028_0013_0028_0028.jpg 1 28 13 28 28
0445_0036_0025_0044_0044.jpg 1 36 25 44 44
0446_0046_0035_0046_0046.jpg 1 46 35 46 46
0447_0026_0009_0034_0034.jpg 1 26 9 34 34
0448_0033_0011_0039_0039.jpg 1 33 11 39 39
0449_0053_0050_0028_0028.jpg 1 53 50 28 28
0450_0057_0048_0034_0034.jpg 1 57 48 34 34
0451_0038_0011_0056_0056.jpg 1 38 11 56 56
0452_0004_0022_0055_0055.jpg 1 4 22 55 55
0453_0030_0033_0050_0050.jpg 1 30 33 50 50
0454_0010_0003_0064_0064.jpg 1 10 3 64 64
0455_0036_0035_0049_0049.jpg 1 36 35 49 49
0456_0028_0036_0028_0028.jpg 1 28 36 28 28
0457_0021_0007_0063_0063.jpg 1 21 7 63 63
0458_0042_0026_0044_0044.jpg 1 42 26 44 44
0459_0015_0021_0058_0058.jpg 1 15 21 58 58
0460_0034_0020_0032_0032.jpg 1 34 20 32 32
0461_0037_0050_0024_0024.jpg 1 37 50 24 24
0462_0015_0012_0045_0045.jpg 1 15 12 45 45
0463_0018_0021_0068_0068.jpg 1 18 21 68 68
0464_0038_0029_0037_0037.jpg 1 38 29 37 37
0465_0045_0008_0043_0043.jpg 1 45 8 43 43
0466_0022_0026_0040_0040.jpg 1 22 26 40 40
0467_0032_0009_0055_0055.jpg 1 32 9 55 55
0468_0052_0020_0040_0040.jpg 1 52 20 40 40
0469_0013_0009_0060_0060.jpg 1 13 9 60 60
0470_0012_0010_0053_0053.jpg 1 12 10 53 53
0471_0041_0015_0047_0047.jpg 1 41 15 47 47
0472_0024_0030_0059_0059.jpg 1 24 30 59 59
0473_0028_0033_0058_0058.jpg 1 28 33 58 58
0474_0028_0055_0034_0034.jpg 1 28 55 34 34
0475_0029_0011_0030_0030.jpg 1 29 11 30 30
0476_0025_0014_0067_0067.jpg 1 25 14 67 67
0477_0048_0009_0033_0033.jpg 1 48 9 33 33
0478_0046_0039_0034_0034.jpg 1 46 39 34 34
0479_0042_0042_0047_0047.jpg 1 42 42 47 47
0480_0041_0039_0042_0042.jpg 1 41 39 42 42
0481_0015_0031_0051_0051.jpg 1 15 31 51 51
0482_0007_0032_0052_0052.jpg 1 7 32 52 52
0483_0031_0059_0024_0024.jpg 1 31 59 24 24
0484_0009_0021_0049_0049.jpg 1 9 21 49 49
0485_0048_0053_0040_0040.jpg 1 48 53 40 40
0486_0034_0014_0024_0024.jpg 1 34 14 24 24
0487_0037_0045_0046_0046.jpg 1 37 45 46 46
0488_0035_0007_0045_0045.jpg 1 35 7 45 45
0489_0022_0024_0049_0049.jpg 1 22 24 49 49
0490_0032_0004_0056_0056.jpg 1 32 4 56 56
0491_0051_0030_0039_0039.jpg 1 51 30 39 39
0492_0041_0047_0044_0044.jpg 1 41 47 44 44
0493_0017_0021_0054_0054.jpg 1 17 21 54 54
0494_0016_0013_0059_0059.jpg 1 16 13 59 59
0495_0023_0009_0055_0055.jpg 1 23 9 55 55
0496_0054_0035_0038_0038.jpg 1 54 35 38 38
0497_0042_0010_0024_0024.jpg 1 42 10 24 24
0498_0014_0046_0045_0045.jpg 1 14 46 45 45
0499_0057_0030_0026_0026.jpg 1 57 30 26 26
0500_0009_0007_0053_0053.jpg 1 9 7 53 53
0501_0047_0045_0043_0043.jpg 1 47 45 43 43
0502_0031_0033_0039_0039.jpg 1 31 33 39 39
0503_0019_0011_0051_0051.jpg 1 19 11 51 51
0504_0029_0013_0037_0037.jpg 1 29 13 37 37
0505_0006_0006_0051_0051.jpg 1 6 6 51 51
0506_0031_0019_0034_0034.jpg 1 31 19 34 34
0507_0006_0006_0048_0048.jpg 1 6 6 48 48
0508_0045_0044_0046_0046.jpg 1 45 44 46 46
0509_0026_0022_0031_0031.jpg 1 26 22 31 31
0510_0038_0039_0052_0052.jpg 1 38 39 52 52
0511_0031_0009_0058_0058.jpg 1 31 9 58 58
0512_0024_0018_0030_0030.jpg 1 24 18 30 30
0513_0010_0038_0041_0041.jpg 1 10 38 41 41
0514_0008_0021_0064_0064.jpg 1 8 21 64 64
0515_0017_0012_0033_0033.jpg 1 17 12 33 33
0516_0011_0004_0059_0059.jpg 1 11 4 59 59
0517_0030_0039_0042_0042.jpg 1 30 39 42 42
0518_0041_0025_0032_0032.jpg 1 41 25 32 32
0519_0006_0018_0061_0061.jpg 1 6 18 61 61
0520_0019_0023_0054_0054.jpg 1 19 23 54 54
0521_0008_0044_0041_0041.jpg 1 8 44 41 41
0522_0017_0014_0047_0047.jpg 1 17 14 47 47
0523_0026_0027_0069_0069.jpg 1 26 27 69 69
0524_0030_0043_0051_0051.jpg 1 30 43 51 51
0525_0046_0059_0025_0025.jpg 1 46 59 25 25
0526_0018_0007_0062_0062.jpg 1 18 7 62 62
0527_0017_0023_0056_0056.jpg 1 17 23 56 56
0528_0035_0011_0044_0044.jpg 1 35 11 44 44
0529_0021_0034_0038_0038.jpg 1 21 34 38 38
0530_0037_0020_0056_0056.jpg 1 37 20 56 56
0531_0007_0049_0028_0028.jpg 1 7 49 28 28
0532_0017_0021_0066_0066.jpg 1 17 21 66 66
0533_0027_0026_0066_0066.jpg 1 27 26 66 66
0534_0010_0019_0025_0025.jpg 1 10 19 25 25
0535_0012_0029_0066_0066.jpg 1 12 29 66 66
0536_0009_0022_0046_0046.jpg 1 9 22 46 46
0537_0020_0007_0047_0047.jpg 1 20 7 47 47
0538_0039_0025_0037_0037.jpg 1 39 25 37 37
0539_0031_0029_0049_0049.jpg 1 31 29 49 49
0540_0054_0014_0026_0026.jpg 1 54 14 26 26
0541_0027_0021_0055_0055.jpg 1 27 21 55 55
0542_0005_0015_0068_0068.jpg 1 5 15 68 68
0543_0023_0029_0067_0067.jpg 1 23 29 67 67
0544_0012_0036_0056_0056.jpg 1 12 36 56 56
0545_0013_0016_0032_0032.jpg 1 13 16 32 32
0546_0017_0039_0045_0045.jpg 1 17 39 45 45
0547_0040_0017_0025_0025.jpg 1 40 17 25 25
0548_0042_0024_0047_0047.jpg 1 42 24 47 47
0549_0047_0049_0036_0036.jpg 1 47 49 36 36
0550_0040_0048_0026_0026.jpg 1 40 48 26 26
0551_0020_0018_0067_0067.jpg 1 20 18 67 67
0552_0036_0023_0056_0056.jpg 1 36 23 56 56
0553_0033_0015_0042_0042.jpg 1 33 15 42 42
0554_0043_0027_0034_0034.jpg 1 43 27 34 34
0555_0024_0032_0047_0047.jpg 1 24 32 47 47
0556_0040_0026_0033_0033.jpg 1 40 26 33 33
0557_0035_0034_0035_0035.jpg 1 35 34 35 35
0558_0019_0011_0067_0067.jpg 1 19 11 67 67
0559_0026_0014_0058_0058.jpg 1 26 14 58 58
0560_0046_0035_0036_0036.jpg 1 46 35 36 36
0561_0030_0034_0040_0040.jpg 1 30 34 40 40
0562_0021_0009_0036_0036.jpg 1 21 9 36 36
0563_0040_0043_0048_0048.jpg 1 40 43 48 48
0564_0005_0022_0068_0068.jpg 1 5 22 68 68
0565_0015_0011_0047_0047.jpg 1 15 11 47 47
0566_0016_0028_0059_0059.jpg 1 16 28 59 59
0567_0008_0033_0036_0036.jpg 1 8 33 36 36
0568_0005_0029_0065_0065.jpg 1 5 29 65 65
0569_0013_0025_0045_0045.jpg 1 13 25 45 45
0570_0015_0018_0054_0054.jpg 1 15 18 54 54
0571_0023_0008_0026_0026.jpg 1 23 8 26 26
0572_0050_0046_0037_0037.jpg 1 50 46 37 37
0573_0040_0012_0050_0050.jpg 1 40 12 50 50
0574_0027_0023_0064_0064.jpg 1 27 23 64 64
0575_0016_0009_0030_0030.jpg 1 16 9 30 30
0576_0042_0015_0051_0051.jpg 1 42 15 51 51
0577_0006_0010_0060_0060.jpg 1 6 10 60 60
0578_0018_0045_0030_0030.jpg 1 18 45 30 30
0579_0034_0018_0059_0059.jpg 1 34 18 59 59
0580_0007_0032_0053_0053.jpg 1 7 32 53 53
0581_0016_0053_0035_0035.jpg 1 16 53 35 35
0582_0049_0028_0033_0033.jpg 1 49 28 33 33
0583_0042_0049_0038_0038.jpg 1 42 49 38 38
0584_0036_0028_0057_0057.jpg 1 36 28 57 57
0585_0042_0030_0031_0031.jpg 1 42 30 31 31
0586_0021_0038_0052_0052.jpg 1 21 38 52 52
0587_0035_0017_0046_0046.jpg 1 35 17 46 46
0588_0042_0039_0038_0038.jpg 1 42 39 38 38
0589_0018_0021_0064_0064.jpg 1 18 21 64 64
0590_0020_0030_0047_0047.jpg 1 20 30 47 47
0591_0049_0027_0032_0032.jpg 1 49 27 32 32
0592_0025_0008_0060_0060.jpg 1 25 8 60 60
0593_0055_0026_0032_0032.jpg 1 55 26 32 32
0594_0027_0023_0068_0068.jpg 1 27 23 68 68
0595_0043_0048_0040_0040.jpg 1 43 48 40 40
0596_0037_0008_0027_0027.jpg 1 37 8 27 27
0597_0012_0028_0061_0061.jpg 1 12 28 61 61
0598_0007_0007_0042_0042.jpg 1 7 7 42 42
0599_0053_0021_0034_0034.jpg 1 53 21 34 34
0600_0052_0029_0029_0029.jpg 1 52 29 29 29
0601_0011_0028_0050_0050.jpg 1 11 28 50 50
0602_0014_0017_0057_0057.jpg 1 14 17 57 57
0603_0057_0041_0026_0026.jpg 1 57 41 26 26
0604_0021_0047_0036_0036.jpg 1 21 47 36 36
0605_0014_0014_0052_0052.jpg 1 14 14 52 52
0606_0023_0031_0052_0052.jpg 1 23 31 52 52
0607_0036_0014_0058_0058.jpg 1 36 14 58 58
0608_0017_0047_0025_0025.jpg 1 17 47 25 25
0609_0021_0005_0062_0062.jpg 1 21 5 62 62
0610_0018_0011_0027_0027.jpg 1 18 11 27 27
0611_0024_0007_0051_0051.jpg 1 24 7 51 51
0612_0009_0011_0027_0027.jpg 1 9 11 27 27
0613_0025_0030_0037_0037.jpg 1 25 30 37 37
0614_0022_0006_0054_0054.jpg 1 22 6 54 54
0615_0015_0036_0039_0039.jpg 1 15 36 39 39
0616_0024_0037_0056_0056.jpg 1 24 37 56 56
0617_0010_0029_0063_0063.jpg 1 10 29 63 63
0618_0007_0031_0046_0046.jpg 1 7 31 46 46
0619_0005_0004_0069_0069.jpg 1 5 4 69 69
0620_0016_0018_0063_0063.jpg 1 16 18 63 63
0621_0036_0005_0048_0048.jpg 1 36 5 48 48
0622_0031_0035_0053_0053.jpg 1 31 35 53 53
0623_0036_0055_0037_0037.jpg 1 36 55 37 37
0624_0017_0028_0028_0028.jpg 1 17 28 28 28
0625_0010_0015_0050_0050.jpg 1 10 15 50 50
0626_0026_0026_0045_0045.jpg 1 26 26 45 45
0627_0006_0016_0053_0053.jpg 1 6 16 53 53
0628_0027_0006_0037_0037.jpg 1 27 6 37 37
0629_0024_0032_0026_0026.jpg 1 24 32 26 26
0630_0011_0005_0048_0048.jpg 1 11 5 48 48
0631_0041_0019_0050_0050.jpg 1 41 19 50 50
0632_0053_0035_0033_0033.jpg 1 53 35 33 33
0633_0011_0019_0028_0028.jpg 1 11 19 28 28
0634_0047_0014_0038_0038.jpg 1 47 14 38 38
0635_0028_0028_0030_0030.jpg 1 28 28 30 30
0636_0011_0055_0024_0024.jpg 1 11 55 24 24
0637_0019_0027_0058_0058.jpg 1 19 27 58 58
0638_0049_0018_0044_0044.jpg 1 49 18 44 44
0639_0006_0017_0068_0068.jpg 1 6 17 68 68
0640_0021_0038_0047_0047.jpg 1 21 38 47 47
0641_0038_0009_0054_0054.jpg 1 38 9 54 54
0642_0018_0046_0041_0041.jpg 1 18 46 41 41
0643_0009_0028_0059_0059.jpg 1 9 28 59 59
0644_0010_0007_0057_0057.jpg 1 10 7 57 57
0645_0043_0032_0049_0049.jpg 1 43 32 49 49
0646_0028_0021_0059_0059.jpg 1 28 21 59 59
0647_0035_0036_0043_0043.jpg 1 35 36 43 43
0648_0011_0042_0050_0050.jpg 1 11 42 50 50
0649_0053_0025_0038_0038.jpg 1 53 25 38 38
0650_0017_0024_0068_0068.jpg 1 17 24 68 68
0651_0020_0012_0057_0057.jpg 1 20 12 57 57
0652_0018_0011_0059_0059.jpg 1 18 11 59 59
0653_0046_0029_0044_0044.jpg 1 46 29 44 44
0654_0050_0052_0031_0031.jpg 1 50 52 31 31
0655_0025_0025_0067_0067.jpg 1 25 25 67 67
0656_0035_0041_0042_0042.jpg 1 35 41 42 42
0657_0006_0021_0051_0051.jpg 1 6 21 51 51
0658_0021_0054_0036_0036.jpg 1 21 54 36 36
0659_0025_0029_0035_0035.jpg 1 25 29 35 35
0660_0033_0034_0060_0060.jpg 1 33 34 60 60
0661_0021_0020_0060_0060.jpg 1 21 20 60 60
0662_0012_0020_0062_0062.jpg 1 12 20 62 62
0663_0005_0026_0045_0045.jpg 1 5 26 45 45
0664_0042_0015_0047_0047.jpg 1 42 15 47 47
0665_0029_0011_0046_0046.jpg 1 29 11 46 46
0666_0043_0024_0037_0037.jpg 1 43 24 37 37
0667_0025_0026_0042_0042.jpg 1 25 26 42 42
0668_0032_0018_0034_0034.jpg 1 32 18 34 34
0669_0031_0012_0055_0055.jpg 1 31 12 55 55
0670_0028_0016_0054_0054.jpg 1 28 16 54 54
0671_0011_0009_0062_0062.jpg 1 11 9 62 62
0672_0038_0057_0027_0027.jpg 1 38 57 27 27
0673_0010_0017_0064_0064.jpg 1 10 17 64 64
0674_0038_0059_0025_0025.jpg 1 38 59 25 25
0675_0033_0046_0044_0044.jpg 1 33 46 44 44
0676_0026_0020_0041_0041.jpg 1 26 20 41 41
0677_0058_0060_0024_0024.jpg 1 58 60 24 24
0678_0051_0020_0041_0041.jpg 1 51 20 41 41
0679_0024_0013_0050_0050.jpg 1 24 13 50 50
0680_0017_0011_0066_0066.jpg 1 17 11 66 66
0681_0011_0018_0069_0069.jpg 1 11 18 69 69
0682_0018_0012_0067_0067.jpg 1 18 12 67 67
0683_0040_0010_0037_0037.jpg 1 40 10 37 37
0684_0016_0007_0054_0054.jpg 1 16 7 54 54
0685_0030_0007_0061_0061.jpg 1 30 7 61 61
0686_0034_0008_0050_0050.jpg 1 34 8 50 50
0687_0022_0066_0024_0024.jpg 1 22 66 24 24
0688_0044_0013_0035_0035.jpg 1 44 13 35 35
0689_0006_0038_0057_0057.jpg 1 6 38 57 57
0690_0035_0032_0042_0042.jpg 1 35 32 42 42
0691_0039_0051_0025_0025.jpg 1 39 51 25 25
0692_0021_0016_0055_0055.jpg 1 21 16 55 55
0693_0030_0021_0048_0048.jpg 1 30 21 48 48
0694_0061_0058_0030_0030.jpg 1 61 58 30 30
0695_0013_0019_0069_0069.jpg 1 13 19 69 69
0696_0021_0016_0064_0064.jpg 1 21 16 64 64
0697_0027_0019_0060_0060.jpg 1 27 19 60 60
0698_0025_0052_0041_0041.jpg 1 25 52 41 41
0699_0039_0008_0027_0027.jpg 1 39 8 27 27
0700_0049_0019_0045_0045.jpg 1 49 19 45 45
0701_0023_0031_0053_0053.jpg 1 23 31 53 53
0702_0037_0021_0058_0058.jpg 1 37 21 58 58
0703_0044_0045_0032_0032.jpg 1 44 45 32 32
0704_0049_0031_0036_0036.jpg 1 49 31 36 36
0705_0004_0006_0066_0066.jpg 1 4 6 66 66
0706_0019_0028_0032_0032.jpg 1 19 28 32 32
0707_0006_0013_0050_0050.jpg 1 6 13 50 50
0708_0030_0016_0059_0059.jpg 1 30 16 59 59
0709_0035_0013_0049_0049.jpg 1 35 13 49 49
0710_0017_0048_0033_0033.jpg 1 17 48 33 33
0711_0029_0026_0058_0058.jpg 1 29 26 58 58
0712_0016_0010_0029_0029.jpg 1 16 10 29 29
0713_0052_0040_0032_0032.jpg 1 52 40 32 32
0714_0017_0021_0058_0058.jpg 1 17 21 58 58
0715_0046_0051_0025_0025.jpg 1 46 51 25 25
0716_0016_0018_0069_0069.jpg 1 16 18 69 69
0717_0065_0057_0026_0026.jpg 1 65 57 26 26
0718_0039_0006_0046_0046.jpg 1 39 6 46 46
0719_0026_0057_0027_0027.jpg 1 26 57 27 27
0720_0028_0014_0064_0064.jpg 1 28 14 64 64
0721_0027_0013_0062_0062.jpg 1 27 13 62 62
0722_0049_0038_0028_0028.jpg 1 49 38 28 28
0723_0041_0013_0041_0041.jpg 1 41 13 41 41
0724_0037_0009_0039_0039.jpg 1 37 9 39 39
0725_0025_0060_0028_0028.jpg 1 25 60 28 28
0726_0023_0028_0051_0051.jpg 1 23 28 51 51
0727_0012_0051_0035_0035.jpg 1 12 51 35 35
0728_0024_0038_0041_0041.jpg 1 24 38 41 41
0729_0040_0044_0039_0039.jpg 1 40 44 39 39
0730_0033_0036_0049_0049.jpg 1 33 36 49 49
0731_0040_0017_0051_0051.jpg 1 40 17 51 51
0732_0015_0010_0066_0066.jpg 1 15 10 66 66
0733_0026_0050_0031_0031.jpg 1 26 50 31 31
0734_0016_0022_0035_0035.jpg 1 16 22 35 35
0735_0027_0020_0039_0039.jpg 1 27 20 39 39
0736_0004_0020_0065_0065.jpg 1 4 20 65 65
0737_0010_0022_0049_0049.jpg 1 10 22 49 49
0738_0029_0016_0046_0046.jpg 1 29 16 46 46
0739_0027_0045_0044_0044.jpg 1 27 45 44 44
0740_0007_0031_0060_0060.jpg 1 7 31 60 60
0741_0034_0020_0031_0031.jpg 1 34 20 31 31
0742_0039_0031_0053_0053.jpg 1 39 31 53 53
0743_0011_0045_0030_0030.jpg 1 11 45 30 30
0744_0054_0052_0039_0039.jpg 1 54 52 39 39
0745_0035_0012_0038_0038.jpg 1 35 12 38 38
0746_0017_0025_0041_0041.jpg 1 17 25 41 41
0747_0056_0016_0036_0036.jpg 1 56 16 36 36
0748_0012_0054_0039_0039.jpg 1 12 54 39 39
0749_0010_0028_0039_0039.jpg 1 10 28 39 39
0750_0006_0013_0069_0069.jpg 1 6 13 69 69
0751_0013_0049_0030_0030.jpg 1 13 49 30 30
0752_0035_0030_0047_0047.jpg 1 35 30 47 47
0753_0035_0040_0054_0054.jpg 1 35 40 54 54
0754_0029_0039_0024_0024.jpg 1 29 39 24 24
0755_0031_0017_0051_0051.jpg 1 31 17 51 51
0756_0030_0025_0041_0041.jpg 1 30 25 41 41
0757_0014_0011_0050_0050.jpg 1 14 11 50 50
0758_0018_0011_0053_0053.jpg 1 18 11 53 53
0759_0008_0032_0035_0035.jpg 1 8 32 35 35
0760_0012_0033_0056_0056.jpg 1 12 33 56 56
0761_0056_0050_0034_0034.jpg 1 56 50 34 34
0762_0020_0004_0064_0064.jpg 1 20 4 64 64
0763_0017_0005_0062_0062.jpg 1 17 5 62 62
0764_0050_0048_0040_0040.jpg 1 50 48 40 40
0765_0028_0025_0064_0064.jpg 1 28 25 64 64
0766_0030_0012_0061_0061.jpg 1 30 12 61 61
0767_0026_0016_0024_0024.jpg 1 26 16 24 24
0768_0050_0014_0037_0037.jpg 1 50 14 37 37
0769_0025_0034_0046_0046.jpg 1 25 34 46 46
0770_0035_0016_0027_0027.jpg 1 35 16 27 27
0771_0007_0016_0049_0049.jpg 1 7 16 49 49
0772_0029_0012_0033_0033.jpg 1 29 12 33 33
0773_0058_0018_0034_0034.jpg 1 58 18 34 34
0774_0029_0047_0029_0029.jpg 1 29 47 29 29
0775_0010_0051_0027_0027.jpg 1 10 51 27 27
0776_0047_0006_0042_0042.jpg 1 47 6 42 42
0777_0033_0009_0026_0026.jpg 1 33 9 26 26
0778_0012_0021_0062_0062.jpg 1 12 21 62 62
0779_0036_0009_0046_0046.jpg 1 36 9 46 46
0780_0007_0038_0055_0055.jpg 1 7 38 55 55
0781_0030_0011_0036_0036.jpg 1 30 11 36 36
0782_0022_0021_0063_0063.jpg 1 22 21 63 63
0783_0010_0006_0058_0058.jpg 1 10 6 58 58
0784_0024_0014_0068_0068.jpg 1 24 14 68 68
0785_0020_0007_0059_0059.jpg 1 20 7 59 59
0786_0021_0052_0026_0026.jpg 1 21 52 26 26
0787_0007_0005_0066_0066.jpg 1 7 5 66 66
0788_0036_0019_0056_0056.jpg 1 36 19 56 56
0789_0018_0041_0043_0043.jpg 1 18 41 43 43
0790_0033_0041_0033_0033.jpg 1 33 41 33 33
0791_0058_0064_0025_0025.jpg 1 58 64 25 25
0792_0014_0032_0043_0043.jpg 1 14 32 43 43
0793_0015_0009_0067_0067.jpg 1 15 9 67 67
0794_0050_0043_0027_0027.jpg 1 50 43 27 27
0795_0019_0063_0026_0026.jpg 1 19 63 26 26
0796_0033_0045_0039_0039.jpg 1 33 45 39 39
0797_0023_0052_0025_0025.jpg 1 23 52 25 25
0798_0053_0052_0036_0036.jpg 1 53 52 36 36
0799_0041_0050_0029_0029.jpg 1 41 50 29 29
0800_0029_0008_0065_0065.jpg 1 29 8 65 65
0801_0034_0025_0060_0060.jpg 1 34 25 60 60
0802_0019_0013_0044_0044.jpg 1 19 13 44 44
0803_0008_0007_0068_0068.jpg 1 8 7 68 68
0804_0055_0027_0037_0037.jpg 1 55 27 37 37
0805_0013_0014_0054_0054.jpg 1 13 14 54 54
0806_0019_0048_0031_0031.jpg 1 19 48 31 31
0807_0013_0028_0032_0032.jpg 1 13 28 32 32
0808_0025_0017_0058_0058.jpg 1 25 17 58 58
0809_0012_0005_0068_0068.jpg 1 12 5 68 68
0810_0013_0005_0053_0053.jpg 1 13 5 53 53
0811_0027_0019_0069_0069.jpg 1 27 19 69 69
0812_0012_0031_0035_0035.jpg 1 12 31 35 35
0813_0015_0024_0063_0063.jpg 1 15 24 63 63
0814_0008_0024_0029_0029.jpg 1 8 24 29 29
0815_0030_0025_0050_0050.jpg 1 30 25 50 50
0816_0041_0008_0028_0028.jpg 1 41 8 28 28
0817_0043_0054_0035_0035.jpg 1 43 54 35 35
0818_0023_0008_0063_0063.jpg 1 23 8 63 63
0819_0027_0027_0060_0060.jpg 1 27 27 60 60
0820_0014_0030_0038_0038.jpg 1 14 30 38 38
0821_0012_0024_0061_0061.jpg 1 12 24 61 61
0822_0010_0012_0062_0062.jpg 1 10 12 62 62
0823_0021_0020_0049_0049.jpg 1 21 20 49 49
0824_0021_0016_0061_0061.jpg 1 21 16 61 61
0825_0036_0049_0043_0043.jpg 1 36 49 43 43
0826_0026_0018_0054_0054.jpg 1 26 18 54 54
0827_0010_0007_0027_0027.jpg 1 10 7 27 27
0828_0010_0006_0069_0069.jpg 1 10 6 69 69
0829_0009_0013_0059_0059.jpg 1 9 13 59 59
0830_0031_0026_0059_0059.jpg 1 31 26 59 59
0831_0020_0004_0069_0069.jpg 1 20 4 69 69
0832_0024_0013_0053_0053.jpg 1 24 13 53 53
0833_0020_0046_0038_0038.jpg 1 20 46 38 38
0834_0014_0038_0040_0040.jpg 1 14 38 40 40
0835_0041_0039_0031_0031.jpg 1 41 39 31 31
0836_0033_0036_0043_0043.jpg 1 33 36 43 43
0837_0050_0048_0040_0040.jpg 1 50 48 40 40
0838_0057_0040_0027_0027.jpg 1 57 40 27 27
0839_0023_0013_0034_0034.jpg 1 23 13 34 34
0840_0020_0034_0041_0041.jpg 1 20 34 41 41
0841_0039_0033_0049_0049.jpg 1 39 33 49 49
0842_0013_0015_0030_0030.jpg 1 13 15 30 30
0843_0020_0005_0055_0055.jpg 1 20 5 55 55
0844_0031_0039_0056_0056.jpg 1 31 39 56 56
0845_0023_0008_0031_0031.jpg 1 23 8 31 31
0846_0045_0065_0027_0027.jpg 1 45 65 27 27
0847_0004_0021_0055_0055.jpg 1 4 21 55 55
0848_0005_0032_0053_0053.jpg 1 5 32 53 53
0849_0007_0040_0050_0050.jpg 1 7 40 50 50
0850_0046_0020_0045_0045.jpg 1 46 20 45 45
0851_0006_0021_0067_0067.jpg 1 6 21 67 67
0852_0005_0023_0062_0062.jpg 1 5 23 62 62
0853_0052_0042_0040_0040.jpg 1 52 42 40 40
0854_0026_0039_0040_0040.jpg 1 26 39 40 40
0855_0036_0032_0051_0051.jpg 1 36 32 51 51
0856_0031_0014_0055_0055.jpg 1 31 14 55 55
0857_0028_0017_0067_0067.jpg 1 28 17 67 67
0858_0024_0025_0057_0057.jpg 1 24 25 57 57
0859_0037_0014_0046_0046.jpg 1 37 14 46 46
0860_0020_0010_0028_0028.jpg 1 20 10 28 28
0861_0035_0021_0056_0056.jpg 1 35 21 56 56
0862_0032_0029_0058_0058.jpg 1 32 29 58 58
0863_0030_0024_0042_0042.jpg 1 30 24 42 42
0864_0053_0031_0027_0027.jpg 1 53 31 27 27
0865_0027_0005_0051_0051.jpg 1 27 5 51 51
0866_0031_0030_0051_0051.jpg 1 31 30 51 51
0867_0014_0033_0030_0030.jpg 1 14 33 30 30
0868_0026_0039_0048_0048.jpg 1 26 39 48 48
0869_0025_0004_0063_0063.jpg 1 25 4 63 63
0870_0020_0005_0064_0064.jpg 1 20 5 64 64
0871_0056_0056_0032_0032.jpg 1 56 56 32 32
0872_0018_0025_0031_0031.jpg 1 18 25 31 31
0873_0033_0047_0039_0039.jpg 1 33 47 39 39
0874_0022_0059_0025_0025.jpg 1 22 59 25 25
0875_0064_0035_0024_0024.jpg 1 64 35 24 24
0876_0029_0038_0044_0044.jpg 1 29 38 44 44
0877_0043_0025_0034_0034.jpg 1 43 25 34 34
0878_0013_0022_0064_0064.jpg 1 13 22 64 64
0879_0037_0033_0049_0049.jpg 1 37 33 49 49
0880_0018_0033_0039_0039.jpg 1 18 33 39 39
0881_0038_0010_0045_0045.jpg 1 38 10 45 45
0882_0032_0035_0027_0027.jpg 1 32 35 27 27
0883_0010_0044_0043_0043.jpg 1 10 44 43 43
0884_0013_0006_0066_0066.jpg 1 13 6 66 66
0885_0018_0037_0045_0045.jpg 1 18 37 45 45
0886_0004_0026_0056_0056.jpg 1 4 26 56 56
0887_0023_0047_0042_0042.jpg 1 23 47 42 42
0888_0037_0038_0034_0034.jpg 1 37 38 34 34
0889_0048_0041_0045_0045.jpg 1 48 41 45 45
0890_0007_0043_0025_0025.jpg 1 7 43 25 25
0891_0027_0026_0068_0068.jpg 1 27 26 68 68
0892_0038_0006_0042_0042.jpg 1 38 6 42 42
0893_0031_0005_0063_0063.jpg 1 31 5 63 63
0894_0007_0038_0046_0046.jpg 1 7 38 46 46
0895_0018_0022_0043_0043.jpg 1 18 22 43 43
0896_0027_0010_0058_0058.jpg 1 27 10 58 58
0897_0049_0034_0042_0042.jpg 1 49 34 42 42
0898_0007_0027_0033_0033.jpg 1 7 27 33 33
0899_0017_0031_0052_0052.jpg 1 17 31 52 52
0900_0027_0027_0056_0056.jpg 1 27 27 56 56
0901_0034_0024_0045_0045.jpg 1 34 24 45 45
0902_0014_0027_0065_0065.jpg 1 14 27 65 65
0903_0005_0029_0057_0057.jpg 1 5 29 57 57
0904_0024_0038_0045_0045.jpg 1 24 38 45 45
0905_0014_0007_0053_0053.jpg 1 14 7 53 53
0906_0051_0045_0035_0035.jpg 1 51 45 35 35
0907_0011_0007_0059_0059.jpg 1 11 7 59 59
0908_0012_0012_0069_0069.jpg 1 12 12 69 69
0909_0035_0038_0028_0028.jpg 1 35 38 28 28
0910_0018_0027_0044_0044.jpg 1 18 27 44 44
0911_0032_0015_0054_0054.jpg 1 32 15 54 54
0912_0034_0016_0043_0043.jpg 1 34 16 43 43
0913_0027_0028_0053_0053.jpg 1 27 28 53 53
0914_0018_0050_0027_0027.jpg 1 18 50 27 27
0915_0020_0006_0063_0063.jpg 1 20 6 63 63
0916_0032_0021_0042_0042.jpg 1 32 21 42 42
0917_0017_0016_0058_0058.jpg 1 17 16 58 58
0918_0006_0006_0057_0057.jpg 1 6 6 57 57
0919_0057_0052_0024_0024.jpg 1 57 52 24 24
0920_0004_0029_0062_0062.jpg 1 4 29 62 62
0921_0021_0018_0069_0069.jpg 1 21 18 69 69
0922_0022_0050_0041_0041.jpg 1 22 50 41 41
0923_0013_0012_0065_0065.jpg 1 13 12 65 65
0924_0038_0057_0026_0026.jpg 1 38 57 26 26
0925_0004_0009_0067_0067.jpg 1 4 9 67 67
0926_0037_0044_0032_0032.jpg 1 37 44 32 32
0927_0041_0017_0049_0049.jpg 1 41 17 49 49
0928_0018_0034_0060_0060.jpg 1 18 34 60 60
0929_0038_0020_0041_0041.jpg 1 38 20 41 41
0930_0041_0010_0032_0032.jpg 1 41 10 32 32
0931_0025_0026_0047_0047.jpg 1 25 26 47 47
0932_0041_0026_0036_0036.jpg 1 41 26 36 36
0933_0004_0009_0062_0062.jpg 1 4 9 62 62
0934_0013_0037_0055_0055.jpg 1 13 37 55 55
0935_0044_0046_0048_0048.jpg 1 44 46 48 48
0936_0039_0018_0048_0048.jpg 1 39 18 48 48
0937_0023_0013_0062_0062.jpg 1 23 13 62 62
0938_0047_0007_0028_0028.jpg 1 47 7 28 28
0939_0040_0058_0031_0031.jpg 1 40 58 31 31
0940_0024_0031_0061_0061.jpg 1 24 31 61 61
0941_0031_0028_0031_0031.jpg 1 31 28 31 31
0942_0023_0023_0040_0040.jpg 1 23 23 40 40
0943_0050_0050_0042_0042.jpg 1 50 50 42 42
0944_0014_0043_0050_0050.jpg 1 14 43 50 50
0945_0048_0008_0025_0025.jpg 1 48 8 25 25
0946_0041_0025_0029_0029.jpg 1 41 25 29 29
0947_0032_0025_0034_0034.jpg 1 32 25 34 34
0948_0018_0035_0061_0061.jpg 1 18 35 61 61
0949_0026_0042_0041_0041.jpg 1 26 42 41 41
0950_0020_0005_0062_0062.jpg 1 20 5 62 62
0951_0018_0011_0054_0054.jpg 1 18 11 54 54
0952_0044_0015_0048_0048.jpg 1 44 15 48 48
0953_0010_0014_0060_0060.jpg 1 10 14 60 60
0954_0032_0013_0056_0056.jpg 1 32 13 56 56
0955_0025_0050_0027_0027.jpg 1 25 50 27 27
0956_0008_0014_0061_0061.jpg 1 8 14 61 61
0957_0040_0035_0046_0046.jpg 1 40 35 46 46
0958_0039_0014_0047_0047.jpg 1 39 14 47 47
0959_0040_0048_0044_0044.jpg 1 40 48 44 44
0960_0010_0052_0035_0035.jpg 1 10 52 35 35
0961_0041_0043_0040_0040.jpg 1 41 43 40 40
0962_0045_0012_0039_0039.jpg 1 45 12 39 39
0963_0025_0013_0060_0060.jpg 1 25 13 60 60
0964_0022_0012_0062_0062.jpg 1 22 12 62 62
0965_0031_0006_0062_0062.jpg 1 31 6 62 62
0966_0031_0015_0055_0055.jpg 1 31 15 55 55
0967_0017_0029_0059_0059.jpg 1 17 29 59 59
0968_0022_0028_0031_0031.jpg 1 22 28 31 31
0969_0020_0022_0049_0049.jpg 1 20 22 49 49
0970_0033_0029_0047_0047.jpg 1 33 29 47 47
0971_0027_0011_0064_0064.jpg 1 27 11 64 64
0972_0035_0031_0040_0040.jpg 1 35 31 40 40
0973_0011_0043_0031_0031.jpg 1 11 43 31 31
0974_0053_0016_0039_0039.jpg 1 53 16 39 39
0975_0029_0019_0040_0040.jpg 1 29 19 40 40
0976_0033_0013_0062_0062.jpg 1 33 13 62 62
0977_0014_0057_0031_0031.jpg 1 14 57 31 31
0978_0027_0013_0051_0051.jpg 1 27 13 51 51
0979_0041_0053_0027_0027.jpg 1 41 53 27 27
0980_0024_0019_0061_0061.jpg 1 24 19 61 61
0981_0030_0038_0038_0038.jpg 1 30 38 38 38
0982_0019_0018_0031_0031.jpg 1 19 18 31 31
0983_0022_0027_0069_0069.jpg 1 22 27 69 69
0984_0066_0048_0025_0025.jpg 1 66 48 25 25
0985_0023_0023_0067_0067.jpg 1 23 23 67 67
0986_0009_0019_0049_0049.jpg 1 9 19 49 49
0987_0032_0016_0046_0046.jpg 1 32 16 46 46
0988_0015_0029_0030_0030.jpg 1 15 29 30 30
0989_0029_0004_0057_0057.jpg 1 29 4 57 57
0990_0024_0020_0069_0069.jpg 1 24 20 69 69
0991_0017_0035_0058_0058.jpg 1 17 35 58 58
0992_0016_0005_0061_0061.jpg 1 16 5 61 61
0993_0026_0023_0064_0064.jpg 1 26 23 64 64
0994_0014_0057_0033_0033.jpg 1 14 57 33 33
0995_0029_0047_0047_0047.jpg 1 29 47 47 47
0996_0018_0013_0060_0060.jpg 1 18 13 60 60
0997_0034_0032_0052_0052.jpg 1 34 32 52 52
0998_0033_0043_0029_0029.jpg 1 33 43 29 29
0999_0023_0026_0050_0050.jpg 1 23 26 50 50
1000_0031_0011_0052_0052.jpg 1 31 11 52 52
1001_0019_0018_0066_0066.jpg 1 19 18 66 66
1002_0028_0011_0032_0032.jpg 1 28 11 32 32
1003_0007_0036_0057_0057.jpg 1 7 36 57 57
1004_0038_0023_0030_0030.jpg 1 38 23 30 30
1005_0013_0058_0031_0031.jpg 1 13 58 31 31
1006_0029_0034_0047_0047.jpg 1 29 34 47 47
1007_0024_0018_0065_0065.jpg 1 24 18 65 65
1008_0021_0010_0069_0069.jpg 1 21 10 69 69
1009_0044_0038_0037_0037.jpg 1 44 38 37 37
1010_0009_0011_0057_0057.jpg 1 9 11 57 57
1011_0033_0020_0057_0057.jpg 1 33 20 57 57
1012_0007_0034_0057_0057.jpg 1 7 34 57 57
1013_0022_0021_0067_0067.jpg 1 22 21 67 67
1014_0033_0028_0026_0026.jpg 1 33 28 26 26
1015_0032_0010_0062_0062.jpg 1 32 10 62 62
1016_0033_0039_0052_0052.jpg 1 33 39 52 52
1017_0053_0039_0034_0034.jpg 1 53 39 34 34
1018_0020_0010_0068_0068.jpg 1 20 10 68 68
1019_0032_0030_0042_0042.jpg 1 32 30 42 42
1020_0019_0036_0055_0055.jpg 1 19 36 55 55
1021_0013_0035_0038_0038.jpg 1 13 35 38 38
1022_0038_0005_0051_0051.jpg 1 38 5 51 51
1023_0012_0019_0029_0029.jpg 1 12 19 29 29
1024_0040_0013_0038_0038.jpg 1 40 13 38 38
1025_0007_0022_0063_0063.jpg 1 7 22 63 63
1026_0038_0010_0054_0054.jpg 1 38 10 54 54
1027_0035_0018_0058_0058.jpg 1 35 18 58 58
1028_0015_0045_0024_0024.jpg 1 15 45 24 24
1029_0025_0017_0069_0069.jpg 1 25 17 69 69
1030_0039_0034_0052_0052.jpg 1 39 34 52 52
1031_0035_0023_0055_0055.jpg 1 35 23 55 55
1032_0026_0025_0068_0068.jpg 1 26 25 68 68
1033_0009_0022_0064_0064.jpg 1 9 22 64 64
1034_0030_0018_0042_0042.jpg 1 30 18 42 42
1035_0046_0046_0034_0034.jpg 1 46 46 34 34
1036_0031_0038_0049_0049.jpg 1 31 38 49 49
1037_0015_0021_0051_0051.jpg 1 15 21 51 51
1038_0010_0020_0029_0029.jpg 1 10 20 29 29
1039_0007_0016_0061_0061.jpg 1 7 16 61 61
1040_0024_0042_0050_0050.jpg 1 24 42 50 50
1041_0006_0014_0050_0050.jpg 1 6 14 50 50
1042_0026_0026_0035_0035.jpg 1 26 26 35 35
1043_0023_0034_0046_0046.jpg 1 23 34 46 46
1044_0032_0024_0030_0030.jpg 1 32 24 30 30
1045_0014_0031_0047_0047.jpg 1 14 31 47 47
1046_0050_0053_0034_0034.jpg 1 50 53 34 34
1047_0020_0026_0037_0037.jpg 1 20 26 37 37
1048_0007_0012_0068_0068.jpg 1 7 12 68 68
1049_0025_0021_0045_0045.jpg 1 25 21 45 45
1050_0032_0036_0047_0047.jpg 1 32 36 47 47
1051_0026_0022_0067_0067.jpg 1 26 22 67 67
1052_0027_0006_0068_0068.jpg 1 27 6 68 68
1053_0014_0042_0041_0041.jpg 1 14 42 41 41
1054_0029_0018_0056_0056.jpg 1 29 18 56 56
1055_0036_0049_0030_0030.jpg 1 36 49 30 30
1056_0011_0027_0057_0057.jpg 1 11 27 57 57
1057_0061_0014_0030_0030.jpg 1 61 14 30 30
1058_0022_0048_0025_0025.jpg 1 22 48 25 25
1059_0045_0009_0047_0047.jpg 1 45 9 47 47
1060_0018_0036_0031_0031.jpg 1 18 36 31 31
1061_0044_0008_0041_0041.jpg 1 44 8 41 41
1062_0010_0029_0028_0028.jpg 1 10 29 28 28
1063_0021_0041_0031_0031.jpg 1 21 41 31 31
1064_0037_0009_0046_0046.jpg 1 37 9 46 46
1065_0012_0047_0032_0032.jpg 1 12 47 32 32
1066_0037_0033_0053_0053.jpg 1 37 33 53 53
1067_0017_0008_0054_0054.jpg 1 17 8 54 54
1068_0031_0026_0065_0065.jpg 1 31 26 65 65
1069_0010_0049_0041_0041.jpg 1 10 49 41 41
1070_0021_0016_0059_0059.jpg 1 21 16 59 59
